c:\users\1\source\repos\lab9\lab9\debug\lab9.pch
c:\users\1\source\repos\lab9\lab9\debug\vc141.pdb
c:\users\1\source\repos\lab9\lab9\debug\vc141.idb
c:\users\1\source\repos\lab9\lab9\debug\pch.obj
c:\users\1\source\repos\lab9\lab9\debug\time.obj
c:\users\1\source\repos\lab9\lab9\debug\lab9.obj
d:\files\учеба\3 курс 2 семестр\прикл. програмирование\git\branch\pplab10.1\lab9\debug\lab9.pch
d:\files\учеба\3 курс 2 семестр\прикл. програмирование\git\branch\pplab10.1\lab9\debug\vc141.pdb
d:\files\учеба\3 курс 2 семестр\прикл. програмирование\git\branch\pplab10.1\lab9\debug\vc141.idb
d:\files\учеба\3 курс 2 семестр\прикл. програмирование\git\branch\pplab10.1\lab9\debug\pch.obj
d:\files\учеба\3 курс 2 семестр\прикл. програмирование\git\branch\pplab10.1\lab9\debug\time.obj
d:\files\учеба\3 курс 2 семестр\прикл. програмирование\git\branch\pplab10.1\lab9\debug\lab9.obj
c:\users\1\source\repos\lab9\debug\lab9.exe
c:\users\1\source\repos\lab9\debug\lab9.ilk
c:\users\1\source\repos\lab9\debug\lab9.pdb
d:\files\учеба\3 курс 2 семестр\прикл. програмирование\git\branch\pplab10.1\debug\lab9.exe
d:\files\учеба\3 курс 2 семестр\прикл. програмирование\git\branch\pplab10.1\debug\lab9.ilk
d:\files\учеба\3 курс 2 семестр\прикл. програмирование\git\branch\pplab10.1\debug\lab9.pdb
d:\files\учеба\3 курс 2 семестр\прикл. програмирование\git\branch\pplab10.1\lab9\debug\lab9.obj.enc
d:\files\учеба\3 курс 2 семестр\прикл. програмирование\git\branch\pplab10.1\lab9\debug\time.obj.enc
d:\files\учеба\3 курс 2 семестр\прикл. програмирование\git\branch\pplab10.1\lab9\debug\lab9.tlog\cl.command.1.tlog
d:\files\учеба\3 курс 2 семестр\прикл. програмирование\git\branch\pplab10.1\lab9\debug\lab9.tlog\cl.read.1.tlog
d:\files\учеба\3 курс 2 семестр\прикл. програмирование\git\branch\pplab10.1\lab9\debug\lab9.tlog\cl.write.1.tlog
d:\files\учеба\3 курс 2 семестр\прикл. програмирование\git\branch\pplab10.1\lab9\debug\lab9.tlog\link.command.1.tlog
d:\files\учеба\3 курс 2 семестр\прикл. програмирование\git\branch\pplab10.1\lab9\debug\lab9.tlog\link.read.1.tlog
d:\files\учеба\3 курс 2 семестр\прикл. програмирование\git\branch\pplab10.1\lab9\debug\lab9.tlog\link.write.1.tlog
